<?xml version="1.0" encoding="UTF-8" ?>
<testsuite errors="0" failures="0" hostname="nycpusagolube.local" name="ContactForm" tests="1" time="11.751" timestamp="2014-05-20T20:49:48">
  <properties>
    <property name="java.vendor" value="Apple Inc." />
    <property name="env.JAVA_MAIN_CLASS_61741" value="org.eclipse.ant.internal.launching.remote.InternalAntRunner" />
    <property name="ant.file.NestleTestRun" value="/Users/agolubev1/Desktop/NestleSuite/NestleTestRun/build.xml" />
    <property name="sun.java.launcher" value="SUN_STANDARD" />
    <property name="eclipse.pdebuild.templates" value="/Users/agolubev1/Desktop/Screen shots/oralb/eclipse/plugins/org.eclipse.pde.build_3.8.1.v20120725-202643/templates//" />
    <property name="sun.management.compiler" value="HotSpot 64-Bit Tiered Compilers" />
    <property name="os.name" value="Mac OS X" />
    <property name="sun.boot.class.path" value="/System/Library/Java/JavaVirtualMachines/1.6.0.jdk/Contents/Classes/jsfd.jar:/System/Library/Java/JavaVirtualMachines/1.6.0.jdk/Contents/Classes/classes.jar:/System/Library/Frameworks/JavaVM.framework/Frameworks/JavaRuntimeSupport.framework/Resources/Java/JavaRuntimeSupport.jar:/System/Library/Java/JavaVirtualMachines/1.6.0.jdk/Contents/Classes/ui.jar:/System/Library/Java/JavaVirtualMachines/1.6.0.jdk/Contents/Classes/laf.jar:/System/Library/Java/JavaVirtualMachines/1.6.0.jdk/Contents/Classes/sunrsasign.jar:/System/Library/Java/JavaVirtualMachines/1.6.0.jdk/Contents/Classes/jsse.jar:/System/Library/Java/JavaVirtualMachines/1.6.0.jdk/Contents/Classes/jce.jar:/System/Library/Java/JavaVirtualMachines/1.6.0.jdk/Contents/Classes/charsets.jar" />
    <property name="env.TMPDIR" value="/var/folders/gd/k5lsk02s4gdbr4f350qydgwnxp8pg6/T/" />
    <property name="env.Apple_Ubiquity_Message" value="/tmp/launch-mdAy4T/Apple_Ubiquity_Message" />
    <property name="java.vm.specification.vendor" value="Sun Microsystems Inc." />
    <property name="ant.home" value="/Users/agolubev1/Desktop/Screen shots/oralb/eclipse/plugins/org.apache.ant_1.8.3.v20120321-1730" />
    <property name="java.runtime.version" value="1.6.0_51-b11-457-11M4509" />
    <property name="env.Apple_PubSub_Socket_Render" value="/tmp/launch-7ua9MU/Render" />
    <property name="user.name" value="agolubev1" />
    <property name="env.USER" value="agolubev1" />
    <property name="env.SHELL" value="/bin/bash" />
    <property name="env.__CF_USER_TEXT_ENCODING" value="0x7B6459E6:0:0" />
    <property name="awt.nativeDoubleBuffering" value="true" />
    <property name="ant.file.type.NestleTestRun" value="file" />
    <property name="env.APP_ICON_59150" value="../Resources/Eclipse.icns" />
    <property name="env.PATH" value="/usr/bin:/bin:/usr/sbin:/sbin" />
    <property name="user.language" value="en" />
    <property name="sun.boot.library.path" value="/System/Library/Java/JavaVirtualMachines/1.6.0.jdk/Contents/Libraries" />
    <property name="env.JAVA_STARTED_ON_FIRST_THREAD_59150" value="1" />
    <property name="ant.project.default-target" value="build" />
    <property name="ant.project.name" value="NestleTestRun" />
    <property name="java.version" value="1.6.0_51" />
    <property name="user.timezone" value="" />
    <property name="sun.arch.data.model" value="64" />
    <property name="http.nonProxyHosts" value="local|*.local|169.254/16|*.169.254/16" />
    <property name="java.endorsed.dirs" value="/System/Library/Java/JavaVirtualMachines/1.6.0.jdk/Contents/Home/lib/endorsed" />
    <property name="sun.cpu.isalist" value="" />
    <property name="sun.jnu.encoding" value="MacRoman" />
    <property name="file.encoding.pkg" value="sun.io" />
    <property name="ECLIPSE_HOME" value="../../Screen shots/oralb/eclipse" />
    <property name="file.separator" value="/" />
    <property name="java.specification.name" value="Java Platform API Specification" />
    <property name="java.class.version" value="50.0" />
    <property name="user.country" value="US" />
    <property name="java.home" value="/System/Library/Java/JavaVirtualMachines/1.6.0.jdk/Contents/Home" />
    <property name="java.vm.info" value="mixed mode" />
    <property name="env.LOGNAME" value="agolubev1" />
    <property name="ant.file" value="/Users/agolubev1/Desktop/NestleSuite/NestleTestRun/build.xml" />
    <property name="os.version" value="10.8.5" />
    <property name="path.separator" value=":" />
    <property name="java.vm.version" value="20.51-b01-457" />
    <property name="ant.library.dir" value="/Users/agolubev1/Desktop/Screen shots/oralb/eclipse/plugins/org.apache.ant_1.8.3.v20120321-1730/lib" />
    <property name="junit.output.dir" value="junit" />
    <property name="java.awt.printerjob" value="apple.awt.CPrinterJob" />
    <property name="env.APP_ICON_45498" value="../Resources/Eclipse.icns" />
    <property name="sun.io.unicode.encoding" value="UnicodeLittle" />
    <property name="awt.toolkit" value="apple.awt.CToolkit" />
    <property name="socksNonProxyHosts" value="local|*.local|169.254/16|*.169.254/16" />
    <property name="ftp.nonProxyHosts" value="local|*.local|169.254/16|*.169.254/16" />
    <property name="env.JAVA_STARTED_ON_FIRST_THREAD_45498" value="1" />
    <property name="eclipse.pdebuild.scripts" value="/Users/agolubev1/Desktop/Screen shots/oralb/eclipse/plugins/org.eclipse.pde.build_3.8.1.v20120725-202643/scripts//" />
    <property name="user.home" value="/Users/agolubev1" />
    <property name="target" value="1.6" />
    <property name="java.specification.vendor" value="Sun Microsystems Inc." />
    <property name="java.library.path" value=".:/Library/Java/Extensions:/System/Library/Java/Extensions:/usr/lib/java" />
    <property name="java.vendor.url" value="http://www.apple.com/" />
    <property name="java.vm.vendor" value="Apple Inc." />
    <property name="gopherProxySet" value="false" />
    <property name="java.runtime.name" value="Java(TM) SE Runtime Environment" />
    <property name="sun.java.command" value="org.apache.tools.ant.taskdefs.optional.junit.JUnitTestRunner ContactForm filtertrace=true haltOnError=false haltOnFailure=false formatter=org.apache.tools.ant.taskdefs.optional.junit.OutErrSummaryJUnitResultFormatter showoutput=false outputtoformatters=true logfailedtests=true logtestlistenerevents=false formatter=org.apache.tools.ant.taskdefs.optional.junit.XMLJUnitResultFormatter,/Users/agolubev1/Desktop/NestleSuite/NestleTestRun/junit/TEST-ContactForm.xml crashfile=/Users/agolubev1/Desktop/NestleSuite/NestleTestRun/junitvmwatcher8007579887041477029.properties propsfile=/Users/agolubev1/Desktop/NestleSuite/NestleTestRun/junit1201678369350829157.properties" />
    <property name="java.class.path" value="/Users/agolubev1/Desktop/NestleSuite/NestleTestRun/bin:/Users/agolubev1/Desktop/NestleSuite/NestleTestRun/library/commons-fileupload-1.3.1.jar:/Users/agolubev1/Desktop/NestleSuite/NestleTestRun/library/commons-io-2.4-javadoc.jar:/Users/agolubev1/Desktop/NestleSuite/NestleTestRun/library/commons-io-2.4-sources.jar:/Users/agolubev1/Desktop/NestleSuite/NestleTestRun/library/commons-io-2.4-test-sources.jar:/Users/agolubev1/Desktop/NestleSuite/NestleTestRun/library/commons-io-2.4-tests.jar:/Users/agolubev1/Desktop/NestleSuite/NestleTestRun/library/commons-io-2.4.jar:/Users/agolubev1/Desktop/NestleSuite/NestleTestRun/library/commons-logging-1.1.3-javadoc.jar:/Users/agolubev1/Desktop/NestleSuite/NestleTestRun/library/commons-logging-1.1.3-sources.jar:/Users/agolubev1/Desktop/NestleSuite/NestleTestRun/library/commons-logging-1.1.3-test-sources.jar:/Users/agolubev1/Desktop/NestleSuite/NestleTestRun/library/commons-logging-1.1.3-tests.jar:/Users/agolubev1/Desktop/NestleSuite/NestleTestRun/library/commons-logging-1.1.3.jar:/Users/agolubev1/Desktop/NestleSuite/NestleTestRun/library/commons-logging-adapters-1.1.3.jar:/Users/agolubev1/Desktop/NestleSuite/NestleTestRun/library/commons-logging-api-1.1.3.jar:/Users/agolubev1/Desktop/NestleSuite/NestleTestRun/library/commons-logging-tests.jar:/Users/agolubev1/Desktop/NestleSuite/NestleTestRun/library/junit-4.11.jar:/Users/agolubev1/Desktop/NestleSuite/NestleTestRun/library/jxl-2.6.jar:/Users/agolubev1/Desktop/NestleSuite/NestleTestRun/library/jxl.jar:/Users/agolubev1/Desktop/NestleSuite/NestleTestRun/library/selenium-java-2.41.0 copy.jar:/Users/agolubev1/Desktop/NestleSuite/NestleTestRun/library/selenium-java-2.41.0.jar:/Users/agolubev1/Desktop/NestleSuite/NestleTestRun/library/selenium-server-2.37.0 copy.jar:/Users/agolubev1/Desktop/NestleSuite/NestleTestRun/library/selenium-server-2.37.0.jar:/Users/agolubev1/Desktop/NestleSuite/NestleTestRun/library/selenium-server-standalone-2.37.0 copy.jar:/Users/agolubev1/Desktop/NestleSuite/NestleTestRun/library/selenium-server-standalone-2.37.0.jar:/Users/agolubev1/Desktop/NestleSuite/NestleTestRun/library/testInProgress-client-1-1.2-javadoc copy.jar:/Users/agolubev1/Desktop/NestleSuite/NestleTestRun/library/testInProgress-client-1-1.2-javadoc.jar:/Users/agolubev1/Desktop/Screen shots/oralb/eclipse/plugins/org.apache.ant_1.8.3.v20120321-1730/lib/ant-launcher.jar:/Users/agolubev1/Desktop/Screen shots/oralb/eclipse/plugins/org.apache.ant_1.8.3.v20120321-1730/lib/ant.jar:/Users/agolubev1/Desktop/Screen shots/oralb/eclipse/plugins/org.apache.ant_1.8.3.v20120321-1730/lib/ant-junit.jar:/Users/agolubev1/Desktop/Screen shots/oralb/eclipse/plugins/org.apache.ant_1.8.3.v20120321-1730/lib/ant-junit4.jar" />
    <property name="ant.version" value="Apache Ant(TM) version 1.8.3 compiled on February 26 2012" />
    <property name="env.com.apple.java.jvmMode" value="client" />
    <property name="java.vm.specification.name" value="Java Virtual Machine Specification" />
    <property name="java.vm.specification.version" value="1.0" />
    <property name="sun.cpu.endian" value="little" />
    <property name="sun.os.patch.level" value="unknown" />
    <property name="env.HOME" value="/Users/agolubev1" />
    <property name="debuglevel" value="source,lines,vars" />
    <property name="env.ANT_HOME" value="/Users/agolubev1/Desktop/Screen shots/oralb/eclipse/plugins/org.apache.ant_1.8.3.v20120321-1730" />
    <property name="env.COM_GOOGLE_CHROME_FRAMEWORK_SERVICE_PROCESS/USERS/AGOLUBEV1/LIBRARY/APPLICATION_SUPPORT/GOOGLE/CHROME_SOCKET" value="/tmp/launch-4T0YWM/ServiceProcessSocket" />
    <property name="eclipse.pdebuild.home" value="/Users/agolubev1/Desktop/Screen shots/oralb/eclipse/plugins/org.eclipse.pde.build_3.8.1.v20120725-202643/.//" />
    <property name="java.io.tmpdir" value="/var/folders/gd/k5lsk02s4gdbr4f350qydgwnxp8pg6/T/" />
    <property name="java.vendor.url.bug" value="http://bugreport.apple.com/" />
    <property name="env.SSH_AUTH_SOCK" value="/tmp/launch-48F8cp/Listeners" />
    <property name="env.COMMAND_MODE" value="unix2003" />
    <property name="mrj.build" value="11M4509" />
    <property name="java.awt.graphicsenv" value="apple.awt.CGraphicsEnvironment" />
    <property name="os.arch" value="x86_64" />
    <property name="java.ext.dirs" value="/Library/Java/Extensions:/System/Library/Java/Extensions:/System/Library/Java/JavaVirtualMachines/1.6.0.jdk/Contents/Home/lib/ext" />
    <property name="env.com.apple.java.jvmTask" value="JNI.java" />
    <property name="mrj.version" value="1070.1.6.0_51-457" />
    <property name="user.dir" value="/Users/agolubev1/Desktop/NestleSuite/NestleTestRun" />
    <property name="env.JAVA_STARTED_ON_FIRST_THREAD_61741" value="1" />
    <property name="line.separator" value="&#xa;" />
    <property name="java.vm.name" value="Java HotSpot(TM) 64-Bit Server VM" />
    <property name="basedir" value="/Users/agolubev1/Desktop/NestleSuite/NestleTestRun" />
    <property name="env.APP_ICON_49518" value="../Resources/Eclipse.icns" />
    <property name="ant.java.version" value="1.6" />
    <property name="ant.core.lib" value="/Users/agolubev1/Desktop/Screen shots/oralb/eclipse/plugins/org.apache.ant_1.8.3.v20120321-1730/lib/ant.jar" />
    <property name="source" value="1.6" />
    <property name="file.encoding" value="MacRoman" />
    <property name="env.JAVA_STARTED_ON_FIRST_THREAD_49518" value="1" />
    <property name="java.specification.version" value="1.6" />
    <property name="ant.project.invoked-targets" value="ContactForm,build" />
  </properties>
  <testcase classname="ContactForm" name="testContact" time="11.64" />
  <system-out><![CDATA[]]></system-out>
  <system-err><![CDATA[]]></system-err>
</testsuite>
